<?xml version="1.0" encoding="UTF-8"?>
<testsuite xmlns:xsi="http://www.w3.org/2001/XMLSchema-instance" xsi:noNamespaceSchemaLocation="https://maven.apache.org/surefire/maven-surefire-plugin/xsd/surefire-test-report.xsd" name="br.com.bb.t99.ExampleMockitoTest" time="0.989" tests="2" errors="0" skipped="0" failures="0">
  <properties>
    <property name="awt.toolkit" value="sun.awt.X11.XToolkit"/>
    <property name="java.specification.version" value="11"/>
    <property name="sun.cpu.isalist" value=""/>
    <property name="sun.jnu.encoding" value="UTF-8"/>
    <property name="java.class.path" value="/home/vagrant/git/t99-curso-nuvem-f2281749/target/test-classes:/home/vagrant/git/t99-curso-nuvem-f2281749/target/classes:/home/vagrant/.m2/repository/br/com/bb/dev/dev-dx-quarkus-ext/0.1.4/dev-dx-quarkus-ext-0.1.4.jar:/home/vagrant/.m2/repository/io/quarkus/quarkus-core/1.7.3.Final/quarkus-core-1.7.3.Final.jar:/home/vagrant/.m2/repository/io/quarkus/quarkus-ide-launcher/1.7.3.Final/quarkus-ide-launcher-1.7.3.Final.jar:/home/vagrant/.m2/repository/io/quarkus/quarkus-development-mode-spi/1.7.3.Final/quarkus-development-mode-spi-1.7.3.Final.jar:/home/vagrant/.m2/repository/io/smallrye/config/smallrye-config/1.8.5/smallrye-config-1.8.5.jar:/home/vagrant/.m2/repository/io/smallrye/common/smallrye-common-annotation/1.1.0/smallrye-common-annotation-1.1.0.jar:/home/vagrant/.m2/repository/io/smallrye/common/smallrye-common-expression/1.1.0/smallrye-common-expression-1.1.0.jar:/home/vagrant/.m2/repository/io/smallrye/common/smallrye-common-function/1.1.0/smallrye-common-function-1.1.0.jar:/home/vagrant/.m2/repository/org/jboss/logging/jboss-logging/3.3.2.Final/jboss-logging-3.3.2.Final.jar:/home/vagrant/.m2/repository/org/jboss/logmanager/jboss-logmanager-embedded/1.0.4/jboss-logmanager-embedded-1.0.4.jar:/home/vagrant/.m2/repository/org/jboss/logging/jboss-logging-annotations/2.1.0.Final/jboss-logging-annotations-2.1.0.Final.jar:/home/vagrant/.m2/repository/org/jboss/threads/jboss-threads/3.1.1.Final/jboss-threads-3.1.1.Final.jar:/home/vagrant/.m2/repository/org/slf4j/slf4j-api/1.7.30/slf4j-api-1.7.30.jar:/home/vagrant/.m2/repository/org/jboss/slf4j/slf4j-jboss-logging/1.2.0.Final/slf4j-jboss-logging-1.2.0.Final.jar:/home/vagrant/.m2/repository/org/graalvm/sdk/graal-sdk/20.1.0/graal-sdk-20.1.0.jar:/home/vagrant/.m2/repository/org/wildfly/common/wildfly-common/1.5.4.Final-format-001/wildfly-common-1.5.4.Final-format-001.jar:/home/vagrant/.m2/repository/io/quarkus/quarkus-bootstrap-runner/1.7.3.Final/quarkus-bootstrap-runner-1.7.3.Final.jar:/home/vagrant/.m2/repository/io/github/marcelorubim/quarkus-monitor/0.1.1/quarkus-monitor-0.1.1.jar:/home/vagrant/.m2/repository/io/prometheus/simpleclient/0.5.0/simpleclient-0.5.0.jar:/home/vagrant/.m2/repository/io/prometheus/simpleclient_common/0.5.0/simpleclient_common-0.5.0.jar:/home/vagrant/.m2/repository/br/com/bb/t99/operacao/Op5207120-v1/2.2.0-SNAPSHOT/Op5207120-v1-2.2.0-SNAPSHOT.jar:/home/vagrant/.m2/repository/br/com/bb/rta/operacao/Op2805211-v1/1.3.0/Op2805211-v1-1.3.0.jar:/home/vagrant/.m2/repository/com/oracle/jdbc/ojdbc8/12.2.0.1/ojdbc8-12.2.0.1.jar:/home/vagrant/.m2/repository/io/quarkus/quarkus-agroal/1.7.3.Final/quarkus-agroal-1.7.3.Final.jar:/home/vagrant/.m2/repository/io/quarkus/quarkus-arc/1.7.3.Final/quarkus-arc-1.7.3.Final.jar:/home/vagrant/.m2/repository/io/quarkus/arc/arc/1.7.3.Final/arc-1.7.3.Final.jar:/home/vagrant/.m2/repository/org/eclipse/microprofile/context-propagation/microprofile-context-propagation-api/1.0.1/microprofile-context-propagation-api-1.0.1.jar:/home/vagrant/.m2/repository/io/quarkus/quarkus-datasource/1.7.3.Final/quarkus-datasource-1.7.3.Final.jar:/home/vagrant/.m2/repository/io/quarkus/quarkus-datasource-common/1.7.3.Final/quarkus-datasource-common-1.7.3.Final.jar:/home/vagrant/.m2/repository/org/jboss/narayana/jta/narayana-jta/5.10.5.Final/narayana-jta-5.10.5.Final.jar:/home/vagrant/.m2/repository/org/jboss/jboss-transaction-spi/7.6.0.Final/jboss-transaction-spi-7.6.0.Final.jar:/home/vagrant/.m2/repository/org/jboss/spec/javax/resource/jboss-connector-api_1.7_spec/1.0.0.Final/jboss-connector-api_1.7_spec-1.0.0.Final.jar:/home/vagrant/.m2/repository/org/jboss/narayana/jts/narayana-jts-integration/5.10.5.Final/narayana-jts-integration-5.10.5.Final.jar:/home/vagrant/.m2/repository/jakarta/transaction/jakarta.transaction-api/1.3.3/jakarta.transaction-api-1.3.3.jar:/home/vagrant/.m2/repository/io/agroal/agroal-api/1.8/agroal-api-1.8.jar:/home/vagrant/.m2/repository/io/agroal/agroal-narayana/1.8/agroal-narayana-1.8.jar:/home/vagrant/.m2/repository/io/agroal/agroal-pool/1.8/agroal-pool-1.8.jar:/home/vagrant/.m2/repository/io/quarkus/quarkus-credentials/1.7.3.Final/quarkus-credentials-1.7.3.Final.jar:/home/vagrant/.m2/repository/io/quarkus/quarkus-jdbc-h2/1.7.3.Final/quarkus-jdbc-h2-1.7.3.Final.jar:/home/vagrant/.m2/repository/com/h2database/h2/1.4.197/h2-1.4.197.jar:/home/vagrant/.m2/repository/org/locationtech/jts/jts-core/1.15.0/jts-core-1.15.0.jar:/home/vagrant/.m2/repository/io/quarkus/quarkus-hibernate-orm/1.7.3.Final/quarkus-hibernate-orm-1.7.3.Final.jar:/home/vagrant/.m2/repository/org/hibernate/hibernate-core/5.4.21.Final/hibernate-core-5.4.21.Final.jar:/home/vagrant/.m2/repository/net/bytebuddy/byte-buddy/1.10.10/byte-buddy-1.10.10.jar:/home/vagrant/.m2/repository/antlr/antlr/2.7.7/antlr-2.7.7.jar:/home/vagrant/.m2/repository/org/jboss/jandex/2.2.1.Final/jandex-2.2.1.Final.jar:/home/vagrant/.m2/repository/com/fasterxml/classmate/1.3.4/classmate-1.3.4.jar:/home/vagrant/.m2/repository/org/dom4j/dom4j/2.1.3/dom4j-2.1.3.jar:/home/vagrant/.m2/repository/org/hibernate/common/hibernate-commons-annotations/5.1.0.Final/hibernate-commons-annotations-5.1.0.Final.jar:/home/vagrant/.m2/repository/org/hibernate/hibernate-graalvm/5.4.21.Final/hibernate-graalvm-5.4.21.Final.jar:/home/vagrant/.m2/repository/org/glassfish/jaxb/jaxb-runtime/2.3.3-b02/jaxb-runtime-2.3.3-b02.jar:/home/vagrant/.m2/repository/org/glassfish/jaxb/txw2/2.3.3-b02/txw2-2.3.3-b02.jar:/home/vagrant/.m2/repository/com/sun/istack/istack-commons-runtime/3.0.10/istack-commons-runtime-3.0.10.jar:/home/vagrant/.m2/repository/com/sun/activation/jakarta.activation/1.2.1/jakarta.activation-1.2.1.jar:/home/vagrant/.m2/repository/org/jboss/spec/javax/xml/bind/jboss-jaxb-api_2.3_spec/2.0.0.Final/jboss-jaxb-api_2.3_spec-2.0.0.Final.jar:/home/vagrant/.m2/repository/jakarta/persistence/jakarta.persistence-api/2.2.3/jakarta.persistence-api-2.2.3.jar:/home/vagrant/.m2/repository/org/hibernate/quarkus-local-cache/0.1.0/quarkus-local-cache-0.1.0.jar:/home/vagrant/.m2/repository/com/github/ben-manes/caffeine/caffeine/2.8.5/caffeine-2.8.5.jar:/home/vagrant/.m2/repository/com/google/errorprone/error_prone_annotations/2.2.0/error_prone_annotations-2.2.0.jar:/home/vagrant/.m2/repository/io/quarkus/quarkus-caffeine/1.7.3.Final/quarkus-caffeine-1.7.3.Final.jar:/home/vagrant/.m2/repository/io/quarkus/quarkus-narayana-jta/1.7.3.Final/quarkus-narayana-jta-1.7.3.Final.jar:/home/vagrant/.m2/repository/io/quarkus/quarkus-mutiny/1.7.3.Final/quarkus-mutiny-1.7.3.Final.jar:/home/vagrant/.m2/repository/io/smallrye/reactive/mutiny/0.7.0/mutiny-0.7.0.jar:/home/vagrant/.m2/repository/io/smallrye/reactive/mutiny-context-propagation/0.7.0/mutiny-context-propagation-0.7.0.jar:/home/vagrant/.m2/repository/io/smallrye/smallrye-context-propagation-jta/1.0.13/smallrye-context-propagation-jta-1.0.13.jar:/home/vagrant/.m2/repository/io/smallrye/reactive/smallrye-reactive-converter-api/1.1.0/smallrye-reactive-converter-api-1.1.0.jar:/home/vagrant/.m2/repository/org/reactivestreams/reactive-streams/1.0.3/reactive-streams-1.0.3.jar:/home/vagrant/.m2/repository/io/smallrye/reactive/smallrye-reactive-converter-mutiny/1.1.0/smallrye-reactive-converter-mutiny-1.1.0.jar:/home/vagrant/.m2/repository/io/quarkus/quarkus-resteasy/1.7.3.Final/quarkus-resteasy-1.7.3.Final.jar:/home/vagrant/.m2/repository/io/quarkus/quarkus-vertx-http/1.7.3.Final/quarkus-vertx-http-1.7.3.Final.jar:/home/vagrant/.m2/repository/io/quarkus/quarkus-security-runtime-spi/1.7.3.Final/quarkus-security-runtime-spi-1.7.3.Final.jar:/home/vagrant/.m2/repository/io/quarkus/security/quarkus-security/1.1.2.Final/quarkus-security-1.1.2.Final.jar:/home/vagrant/.m2/repository/io/quarkus/quarkus-vertx-core/1.7.3.Final/quarkus-vertx-core-1.7.3.Final.jar:/home/vagrant/.m2/repository/io/quarkus/quarkus-netty/1.7.3.Final/quarkus-netty-1.7.3.Final.jar:/home/vagrant/.m2/repository/io/netty/netty-codec/4.1.49.Final/netty-codec-4.1.49.Final.jar:/home/vagrant/.m2/repository/io/netty/netty-handler/4.1.49.Final/netty-handler-4.1.49.Final.jar:/home/vagrant/.m2/repository/io/vertx/vertx-core/3.9.2/vertx-core-3.9.2.jar:/home/vagrant/.m2/repository/io/netty/netty-common/4.1.49.Final/netty-common-4.1.49.Final.jar:/home/vagrant/.m2/repository/io/netty/netty-buffer/4.1.49.Final/netty-buffer-4.1.49.Final.jar:/home/vagrant/.m2/repository/io/netty/netty-transport/4.1.49.Final/netty-transport-4.1.49.Final.jar:/home/vagrant/.m2/repository/io/netty/netty-handler-proxy/4.1.49.Final/netty-handler-proxy-4.1.49.Final.jar:/home/vagrant/.m2/repository/io/netty/netty-codec-socks/4.1.49.Final/netty-codec-socks-4.1.49.Final.jar:/home/vagrant/.m2/repository/io/netty/netty-codec-http/4.1.49.Final/netty-codec-http-4.1.49.Final.jar:/home/vagrant/.m2/repository/io/netty/netty-codec-http2/4.1.49.Final/netty-codec-http2-4.1.49.Final.jar:/home/vagrant/.m2/repository/io/netty/netty-resolver/4.1.49.Final/netty-resolver-4.1.49.Final.jar:/home/vagrant/.m2/repository/io/netty/netty-resolver-dns/4.1.49.Final/netty-resolver-dns-4.1.49.Final.jar:/home/vagrant/.m2/repository/io/netty/netty-codec-dns/4.1.49.Final/netty-codec-dns-4.1.49.Final.jar:/home/vagrant/.m2/repository/io/vertx/vertx-web/3.9.2/vertx-web-3.9.2.jar:/home/vagrant/.m2/repository/io/vertx/vertx-web-common/3.9.2/vertx-web-common-3.9.2.jar:/home/vagrant/.m2/repository/io/vertx/vertx-auth-common/3.9.2/vertx-auth-common-3.9.2.jar:/home/vagrant/.m2/repository/io/vertx/vertx-bridge-common/3.9.2/vertx-bridge-common-3.9.2.jar:/home/vagrant/.m2/repository/io/quarkus/quarkus-resteasy-server-common/1.7.3.Final/quarkus-resteasy-server-common-1.7.3.Final.jar:/home/vagrant/.m2/repository/jakarta/validation/jakarta.validation-api/2.0.2/jakarta.validation-api-2.0.2.jar:/home/vagrant/.m2/repository/io/quarkus/quarkus-junit5/1.7.3.Final/quarkus-junit5-1.7.3.Final.jar:/home/vagrant/.m2/repository/io/quarkus/quarkus-bootstrap-core/1.7.3.Final/quarkus-bootstrap-core-1.7.3.Final.jar:/home/vagrant/.m2/repository/io/quarkus/quarkus-bootstrap-app-model/1.7.3.Final/quarkus-bootstrap-app-model-1.7.3.Final.jar:/home/vagrant/.m2/repository/io/quarkus/quarkus-bootstrap-maven-resolver/1.7.3.Final/quarkus-bootstrap-maven-resolver-1.7.3.Final.jar:/home/vagrant/.m2/repository/org/ow2/asm/asm/8.0.1/asm-8.0.1.jar:/home/vagrant/.m2/repository/org/apache/maven/maven-embedder/3.6.3/maven-embedder-3.6.3.jar:/home/vagrant/.m2/repository/org/apache/maven/maven-settings/3.6.3/maven-settings-3.6.3.jar:/home/vagrant/.m2/repository/org/apache/maven/maven-core/3.6.3/maven-core-3.6.3.jar:/home/vagrant/.m2/repository/org/apache/maven/maven-artifact/3.6.3/maven-artifact-3.6.3.jar:/home/vagrant/.m2/repository/org/codehaus/plexus/plexus-component-annotations/2.1.0/plexus-component-annotations-2.1.0.jar:/home/vagrant/.m2/repository/org/apache/maven/maven-plugin-api/3.6.3/maven-plugin-api-3.6.3.jar:/home/vagrant/.m2/repository/org/apache/maven/maven-model/3.6.3/maven-model-3.6.3.jar:/home/vagrant/.m2/repository/org/apache/maven/maven-model-builder/3.6.3/maven-model-builder-3.6.3.jar:/home/vagrant/.m2/repository/org/apache/maven/maven-builder-support/3.6.3/maven-builder-support-3.6.3.jar:/home/vagrant/.m2/repository/org/apache/maven/resolver/maven-resolver-api/1.4.1/maven-resolver-api-1.4.1.jar:/home/vagrant/.m2/repository/org/apache/maven/resolver/maven-resolver-util/1.4.1/maven-resolver-util-1.4.1.jar:/home/vagrant/.m2/repository/org/apache/maven/shared/maven-shared-utils/3.2.1/maven-shared-utils-3.2.1.jar:/home/vagrant/.m2/repository/com/google/inject/guice/4.2.1/guice-4.2.1-no_aop.jar:/home/vagrant/.m2/repository/org/codehaus/plexus/plexus-utils/3.2.1/plexus-utils-3.2.1.jar:/home/vagrant/.m2/repository/org/codehaus/plexus/plexus-classworlds/2.5.2/plexus-classworlds-2.5.2.jar:/home/vagrant/.m2/repository/commons-cli/commons-cli/1.4/commons-cli-1.4.jar:/home/vagrant/.m2/repository/org/eclipse/sisu/org.eclipse.sisu.plexus/0.3.4/org.eclipse.sisu.plexus-0.3.4.jar:/home/vagrant/.m2/repository/org/apache/maven/maven-settings-builder/3.6.3/maven-settings-builder-3.6.3.jar:/home/vagrant/.m2/repository/org/codehaus/plexus/plexus-interpolation/1.25/plexus-interpolation-1.25.jar:/home/vagrant/.m2/repository/org/sonatype/plexus/plexus-sec-dispatcher/1.4/plexus-sec-dispatcher-1.4.jar:/home/vagrant/.m2/repository/org/sonatype/plexus/plexus-cipher/1.4/plexus-cipher-1.4.jar:/home/vagrant/.m2/repository/org/apache/maven/maven-resolver-provider/3.6.3/maven-resolver-provider-3.6.3.jar:/home/vagrant/.m2/repository/org/apache/maven/maven-repository-metadata/3.6.3/maven-repository-metadata-3.6.3.jar:/home/vagrant/.m2/repository/org/apache/maven/resolver/maven-resolver-spi/1.4.1/maven-resolver-spi-1.4.1.jar:/home/vagrant/.m2/repository/org/apache/maven/resolver/maven-resolver-impl/1.4.1/maven-resolver-impl-1.4.1.jar:/home/vagrant/.m2/repository/org/apache/maven/resolver/maven-resolver-connector-basic/1.4.1/maven-resolver-connector-basic-1.4.1.jar:/home/vagrant/.m2/repository/org/apache/maven/resolver/maven-resolver-transport-wagon/1.4.1/maven-resolver-transport-wagon-1.4.1.jar:/home/vagrant/.m2/repository/org/apache/maven/wagon/wagon-http/3.3.4/wagon-http-3.3.4.jar:/home/vagrant/.m2/repository/org/apache/maven/wagon/wagon-http-shared/3.3.4/wagon-http-shared-3.3.4.jar:/home/vagrant/.m2/repository/org/jsoup/jsoup/1.12.1/jsoup-1.12.1.jar:/home/vagrant/.m2/repository/org/apache/maven/wagon/wagon-provider-api/3.3.4/wagon-provider-api-3.3.4.jar:/home/vagrant/.m2/repository/org/apache/maven/wagon/wagon-file/3.3.4/wagon-file-3.3.4.jar:/home/vagrant/.m2/repository/io/quarkus/quarkus-bootstrap-gradle-resolver/1.7.3.Final/quarkus-bootstrap-gradle-resolver-1.7.3.Final.jar:/home/vagrant/.m2/repository/io/smallrye/common/smallrye-common-io/1.1.0/smallrye-common-io-1.1.0.jar:/home/vagrant/.m2/repository/org/eclipse/sisu/org.eclipse.sisu.inject/0.3.4/org.eclipse.sisu.inject-0.3.4.jar:/home/vagrant/.m2/repository/io/quarkus/quarkus-test-common/1.7.3.Final/quarkus-test-common-1.7.3.Final.jar:/home/vagrant/.m2/repository/io/quarkus/quarkus-core-deployment/1.7.3.Final/quarkus-core-deployment-1.7.3.Final.jar:/home/vagrant/.m2/repository/io/quarkus/gizmo/gizmo/1.0.4.Final/gizmo-1.0.4.Final.jar:/home/vagrant/.m2/repository/org/ow2/asm/asm-util/8.0.1/asm-util-8.0.1.jar:/home/vagrant/.m2/repository/org/ow2/asm/asm-tree/8.0.1/asm-tree-8.0.1.jar:/home/vagrant/.m2/repository/org/ow2/asm/asm-analysis/8.0.1/asm-analysis-8.0.1.jar:/home/vagrant/.m2/repository/io/quarkus/quarkus-devtools-utilities/1.7.3.Final/quarkus-devtools-utilities-1.7.3.Final.jar:/home/vagrant/.m2/repository/io/quarkus/quarkus-builder/1.7.3.Final/quarkus-builder-1.7.3.Final.jar:/home/vagrant/.m2/repository/io/quarkus/quarkus-jsonp-deployment/1.7.3.Final/quarkus-jsonp-deployment-1.7.3.Final.jar:/home/vagrant/.m2/repository/org/junit/jupiter/junit-jupiter/5.6.2/junit-jupiter-5.6.2.jar:/home/vagrant/.m2/repository/org/junit/jupiter/junit-jupiter-api/5.6.2/junit-jupiter-api-5.6.2.jar:/home/vagrant/.m2/repository/org/apiguardian/apiguardian-api/1.1.0/apiguardian-api-1.1.0.jar:/home/vagrant/.m2/repository/org/opentest4j/opentest4j/1.2.0/opentest4j-1.2.0.jar:/home/vagrant/.m2/repository/org/junit/platform/junit-platform-commons/1.6.2/junit-platform-commons-1.6.2.jar:/home/vagrant/.m2/repository/org/junit/jupiter/junit-jupiter-params/5.6.2/junit-jupiter-params-5.6.2.jar:/home/vagrant/.m2/repository/org/junit/jupiter/junit-jupiter-engine/5.6.2/junit-jupiter-engine-5.6.2.jar:/home/vagrant/.m2/repository/org/junit/platform/junit-platform-engine/1.6.2/junit-platform-engine-1.6.2.jar:/home/vagrant/.m2/repository/com/thoughtworks/xstream/xstream/1.4.11.1/xstream-1.4.11.1.jar:/home/vagrant/.m2/repository/xmlpull/xmlpull/1.1.3.1/xmlpull-1.1.3.1.jar:/home/vagrant/.m2/repository/xpp3/xpp3_min/1.1.4c/xpp3_min-1.1.4c.jar:/home/vagrant/.m2/repository/io/rest-assured/rest-assured/4.3.0/rest-assured-4.3.0.jar:/home/vagrant/.m2/repository/org/codehaus/groovy/groovy/3.0.2/groovy-3.0.2.jar:/home/vagrant/.m2/repository/org/codehaus/groovy/groovy-xml/3.0.2/groovy-xml-3.0.2.jar:/home/vagrant/.m2/repository/org/apache/httpcomponents/httpclient/4.5.12/httpclient-4.5.12.jar:/home/vagrant/.m2/repository/org/apache/httpcomponents/httpcore/4.4.13/httpcore-4.4.13.jar:/home/vagrant/.m2/repository/commons-codec/commons-codec/1.14/commons-codec-1.14.jar:/home/vagrant/.m2/repository/org/apache/httpcomponents/httpmime/4.5.3/httpmime-4.5.3.jar:/home/vagrant/.m2/repository/org/hamcrest/hamcrest/2.1/hamcrest-2.1.jar:/home/vagrant/.m2/repository/org/ccil/cowan/tagsoup/tagsoup/1.2.1/tagsoup-1.2.1.jar:/home/vagrant/.m2/repository/io/rest-assured/json-path/4.3.0/json-path-4.3.0.jar:/home/vagrant/.m2/repository/org/codehaus/groovy/groovy-json/3.0.2/groovy-json-3.0.2.jar:/home/vagrant/.m2/repository/io/rest-assured/rest-assured-common/4.3.0/rest-assured-common-4.3.0.jar:/home/vagrant/.m2/repository/io/rest-assured/xml-path/4.3.0/xml-path-4.3.0.jar:/home/vagrant/.m2/repository/org/apache/commons/commons-lang3/3.9/commons-lang3-3.9.jar:/home/vagrant/.m2/repository/jakarta/xml/bind/jakarta.xml.bind-api/2.3.2/jakarta.xml.bind-api-2.3.2.jar:/home/vagrant/.m2/repository/org/apache/sling/org.apache.sling.javax.activation/0.1.0/org.apache.sling.javax.activation-0.1.0.jar:/home/vagrant/.m2/repository/io/quarkus/quarkus-smallrye-opentracing/1.7.3.Final/quarkus-smallrye-opentracing-1.7.3.Final.jar:/home/vagrant/.m2/repository/org/eclipse/microprofile/config/microprofile-config-api/1.4/microprofile-config-api-1.4.jar:/home/vagrant/.m2/repository/org/eclipse/microprofile/opentracing/microprofile-opentracing-api/1.3.3/microprofile-opentracing-api-1.3.3.jar:/home/vagrant/.m2/repository/io/smallrye/smallrye-opentracing/1.3.4/smallrye-opentracing-1.3.4.jar:/home/vagrant/.m2/repository/org/eclipse/microprofile/rest/client/microprofile-rest-client-api/1.4.1/microprofile-rest-client-api-1.4.1.jar:/home/vagrant/.m2/repository/io/opentracing/opentracing-api/0.31.0/opentracing-api-0.31.0.jar:/home/vagrant/.m2/repository/io/opentracing/contrib/opentracing-jaxrs2/0.4.1/opentracing-jaxrs2-0.4.1.jar:/home/vagrant/.m2/repository/io/opentracing/opentracing-noop/0.31.0/opentracing-noop-0.31.0.jar:/home/vagrant/.m2/repository/io/opentracing/contrib/opentracing-web-servlet-filter/0.2.3/opentracing-web-servlet-filter-0.2.3.jar:/home/vagrant/.m2/repository/io/opentracing/contrib/opentracing-concurrent/0.2.0/opentracing-concurrent-0.2.0.jar:/home/vagrant/.m2/repository/io/opentracing/contrib/opentracing-interceptors/0.0.4/opentracing-interceptors-0.0.4.jar:/home/vagrant/.m2/repository/io/opentracing/contrib/opentracing-tracerresolver/0.1.8/opentracing-tracerresolver-0.1.8.jar:/home/vagrant/.m2/repository/io/smallrye/smallrye-fault-tolerance-tracing-propagation/4.3.0/smallrye-fault-tolerance-tracing-propagation-4.3.0.jar:/home/vagrant/.m2/repository/jakarta/inject/jakarta.inject-api/1.0/jakarta.inject-api-1.0.jar:/home/vagrant/.m2/repository/io/quarkus/quarkus-jaeger/1.7.3.Final/quarkus-jaeger-1.7.3.Final.jar:/home/vagrant/.m2/repository/io/jaegertracing/jaeger-core/0.34.3/jaeger-core-0.34.3.jar:/home/vagrant/.m2/repository/io/opentracing/opentracing-util/0.31.0/opentracing-util-0.31.0.jar:/home/vagrant/.m2/repository/com/google/code/gson/gson/2.8.6/gson-2.8.6.jar:/home/vagrant/.m2/repository/io/jaegertracing/jaeger-thrift/0.34.3/jaeger-thrift-0.34.3.jar:/home/vagrant/.m2/repository/org/apache/thrift/libthrift/0.13.0/libthrift-0.13.0.jar:/home/vagrant/.m2/repository/com/squareup/okhttp3/okhttp/3.14.9/okhttp-3.14.9.jar:/home/vagrant/.m2/repository/com/squareup/okio/okio/1.17.2/okio-1.17.2.jar:/home/vagrant/.m2/repository/jakarta/activation/jakarta.activation-api/1.2.1/jakarta.activation-api-1.2.1.jar:/home/vagrant/.m2/repository/io/quarkus/quarkus-jsonp/1.7.3.Final/quarkus-jsonp-1.7.3.Final.jar:/home/vagrant/.m2/repository/org/glassfish/jakarta.json/1.1.6/jakarta.json-1.1.6.jar:/home/vagrant/.m2/repository/jakarta/servlet/jakarta.servlet-api/4.0.3/jakarta.servlet-api-4.0.3.jar:/home/vagrant/.m2/repository/io/quarkus/quarkus-rest-client/1.7.3.Final/quarkus-rest-client-1.7.3.Final.jar:/home/vagrant/.m2/repository/io/quarkus/quarkus-resteasy-common/1.7.3.Final/quarkus-resteasy-common-1.7.3.Final.jar:/home/vagrant/.m2/repository/org/jboss/resteasy/resteasy-core/4.5.6.Final/resteasy-core-4.5.6.Final.jar:/home/vagrant/.m2/repository/org/jboss/spec/javax/ws/rs/jboss-jaxrs-api_2.1_spec/2.0.1.Final/jboss-jaxrs-api_2.1_spec-2.0.1.Final.jar:/home/vagrant/.m2/repository/org/jboss/resteasy/resteasy-core-spi/4.5.6.Final/resteasy-core-spi-4.5.6.Final.jar:/home/vagrant/.m2/repository/com/ibm/async/asyncutil/0.1.0/asyncutil-0.1.0.jar:/home/vagrant/.m2/repository/org/jboss/resteasy/resteasy-client-microprofile/4.5.6.Final/resteasy-client-microprofile-4.5.6.Final.jar:/home/vagrant/.m2/repository/org/jboss/resteasy/resteasy-client/4.5.6.Final/resteasy-client-4.5.6.Final.jar:/home/vagrant/.m2/repository/org/jboss/resteasy/resteasy-client-api/4.5.6.Final/resteasy-client-api-4.5.6.Final.jar:/home/vagrant/.m2/repository/jakarta/interceptor/jakarta.interceptor-api/1.2.5/jakarta.interceptor-api-1.2.5.jar:/home/vagrant/.m2/repository/org/apache/httpcomponents/httpasyncclient/4.1.4/httpasyncclient-4.1.4.jar:/home/vagrant/.m2/repository/org/apache/httpcomponents/httpcore-nio/4.4.13/httpcore-nio-4.4.13.jar:/home/vagrant/.m2/repository/org/jboss/logging/commons-logging-jboss-logging/1.0.0.Final/commons-logging-jboss-logging-1.0.0.Final.jar:/home/vagrant/.m2/repository/io/quarkus/quarkus-resteasy-jsonb/1.7.3.Final/quarkus-resteasy-jsonb-1.7.3.Final.jar:/home/vagrant/.m2/repository/io/quarkus/quarkus-jsonb/1.7.3.Final/quarkus-jsonb-1.7.3.Final.jar:/home/vagrant/.m2/repository/org/eclipse/yasson/1.0.8/yasson-1.0.8.jar:/home/vagrant/.m2/repository/org/jboss/resteasy/resteasy-json-binding-provider/4.5.6.Final/resteasy-json-binding-provider-4.5.6.Final.jar:/home/vagrant/.m2/repository/jakarta/json/bind/jakarta.json.bind-api/1.0.2/jakarta.json.bind-api-1.0.2.jar:/home/vagrant/.m2/repository/org/jboss/resteasy/resteasy-json-p-provider/4.5.6.Final/resteasy-json-p-provider-4.5.6.Final.jar:/home/vagrant/.m2/repository/commons-io/commons-io/2.7/commons-io-2.7.jar:/home/vagrant/.m2/repository/io/quarkus/quarkus-smallrye-openapi/1.7.3.Final/quarkus-smallrye-openapi-1.7.3.Final.jar:/home/vagrant/.m2/repository/io/smallrye/smallrye-open-api-core/2.0.7/smallrye-open-api-core-2.0.7.jar:/home/vagrant/.m2/repository/org/eclipse/microprofile/openapi/microprofile-openapi-api/1.1.2/microprofile-openapi-api-1.1.2.jar:/home/vagrant/.m2/repository/com/fasterxml/jackson/core/jackson-core/2.11.2/jackson-core-2.11.2.jar:/home/vagrant/.m2/repository/com/fasterxml/jackson/core/jackson-databind/2.11.2/jackson-databind-2.11.2.jar:/home/vagrant/.m2/repository/com/fasterxml/jackson/core/jackson-annotations/2.11.2/jackson-annotations-2.11.2.jar:/home/vagrant/.m2/repository/com/fasterxml/jackson/dataformat/jackson-dataformat-yaml/2.11.2/jackson-dataformat-yaml-2.11.2.jar:/home/vagrant/.m2/repository/io/quarkus/quarkus-swagger-ui/1.7.3.Final/quarkus-swagger-ui-1.7.3.Final.jar:/home/vagrant/.m2/repository/io/quarkus/quarkus-config-yaml/1.7.3.Final/quarkus-config-yaml-1.7.3.Final.jar:/home/vagrant/.m2/repository/io/smallrye/config/smallrye-config-source-yaml/1.8.5/smallrye-config-source-yaml-1.8.5.jar:/home/vagrant/.m2/repository/org/yaml/snakeyaml/1.26/snakeyaml-1.26.jar:/home/vagrant/.m2/repository/io/smallrye/config/smallrye-config-common/1.8.5/smallrye-config-common-1.8.5.jar:/home/vagrant/.m2/repository/io/smallrye/common/smallrye-common-constraint/1.1.0/smallrye-common-constraint-1.1.0.jar:/home/vagrant/.m2/repository/io/quarkus/quarkus-smallrye-fault-tolerance/1.7.3.Final/quarkus-smallrye-fault-tolerance-1.7.3.Final.jar:/home/vagrant/.m2/repository/io/smallrye/smallrye-fault-tolerance/4.3.0/smallrye-fault-tolerance-4.3.0.jar:/home/vagrant/.m2/repository/org/eclipse/microprofile/fault-tolerance/microprofile-fault-tolerance-api/2.1.1/microprofile-fault-tolerance-api-2.1.1.jar:/home/vagrant/.m2/repository/io/smallrye/smallrye-fault-tolerance-api/4.3.0/smallrye-fault-tolerance-api-4.3.0.jar:/home/vagrant/.m2/repository/io/smallrye/smallrye-fault-tolerance-core/4.3.0/smallrye-fault-tolerance-core-4.3.0.jar:/home/vagrant/.m2/repository/jakarta/enterprise/concurrent/jakarta.enterprise.concurrent-api/1.1.2/jakarta.enterprise.concurrent-api-1.1.2.jar:/home/vagrant/.m2/repository/jakarta/enterprise/jakarta.enterprise.cdi-api/2.0.2/jakarta.enterprise.cdi-api-2.0.2.jar:/home/vagrant/.m2/repository/jakarta/el/jakarta.el-api/3.0.3/jakarta.el-api-3.0.3.jar:/home/vagrant/.m2/repository/jakarta/annotation/jakarta.annotation-api/1.3.5/jakarta.annotation-api-1.3.5.jar:/home/vagrant/.m2/repository/io/quarkus/quarkus-smallrye-context-propagation/1.7.3.Final/quarkus-smallrye-context-propagation-1.7.3.Final.jar:/home/vagrant/.m2/repository/io/smallrye/smallrye-context-propagation/1.0.13/smallrye-context-propagation-1.0.13.jar:/home/vagrant/.m2/repository/io/smallrye/smallrye-context-propagation-api/1.0.13/smallrye-context-propagation-api-1.0.13.jar:/home/vagrant/.m2/repository/io/smallrye/smallrye-fault-tolerance-context-propagation/4.3.0/smallrye-fault-tolerance-context-propagation-4.3.0.jar:/home/vagrant/.m2/repository/io/quarkus/quarkus-smallrye-health/1.7.3.Final/quarkus-smallrye-health-1.7.3.Final.jar:/home/vagrant/.m2/repository/io/smallrye/smallrye-health/2.2.3/smallrye-health-2.2.3.jar:/home/vagrant/.m2/repository/org/eclipse/microprofile/health/microprofile-health-api/2.2/microprofile-health-api-2.2.jar:/home/vagrant/.m2/repository/io/smallrye/smallrye-health-api/2.2.3/smallrye-health-api-2.2.3.jar:/home/vagrant/.m2/repository/io/smallrye/smallrye-health-ui/2.2.3/smallrye-health-ui-2.2.3.jar:/home/vagrant/.m2/repository/io/smallrye/smallrye-health-provided-checks/2.2.3/smallrye-health-provided-checks-2.2.3.jar:/home/vagrant/.m2/repository/io/quarkus/quarkus-smallrye-metrics/1.7.3.Final/quarkus-smallrye-metrics-1.7.3.Final.jar:/home/vagrant/.m2/repository/io/smallrye/smallrye-metrics/2.4.3/smallrye-metrics-2.4.3.jar:/home/vagrant/.m2/repository/org/eclipse/microprofile/metrics/microprofile-metrics-api/2.3/microprofile-metrics-api-2.3.jar:/home/vagrant/.m2/repository/io/rest-assured/json-schema-validator/4.2.0/json-schema-validator-4.2.0.jar:/home/vagrant/.m2/repository/com/github/java-json-tools/json-schema-validator/2.2.10/json-schema-validator-2.2.10.jar:/home/vagrant/.m2/repository/com/github/java-json-tools/json-schema-core/1.2.10/json-schema-core-1.2.10.jar:/home/vagrant/.m2/repository/com/github/java-json-tools/jackson-coreutils/1.9/jackson-coreutils-1.9.jar:/home/vagrant/.m2/repository/com/github/fge/json-schema-validator/2.2.6/json-schema-validator-2.2.6.jar:/home/vagrant/.m2/repository/com/google/code/findbugs/jsr305/3.0.0/jsr305-3.0.0.jar:/home/vagrant/.m2/repository/joda-time/joda-time/2.3/joda-time-2.3.jar:/home/vagrant/.m2/repository/com/googlecode/libphonenumber/libphonenumber/6.2/libphonenumber-6.2.jar:/home/vagrant/.m2/repository/javax/mail/mailapi/1.4.3/mailapi-1.4.3.jar:/home/vagrant/.m2/repository/javax/activation/activation/1.1/activation-1.1.jar:/home/vagrant/.m2/repository/net/sf/jopt-simple/jopt-simple/4.6/jopt-simple-4.6.jar:/home/vagrant/.m2/repository/com/github/fge/json-schema-core/1.2.5/json-schema-core-1.2.5.jar:/home/vagrant/.m2/repository/com/github/fge/uri-template/0.9/uri-template-0.9.jar:/home/vagrant/.m2/repository/com/github/fge/msg-simple/1.1/msg-simple-1.1.jar:/home/vagrant/.m2/repository/com/github/fge/btf/1.2/btf-1.2.jar:/home/vagrant/.m2/repository/com/google/guava/guava/27.0.1-jre/guava-27.0.1-jre.jar:/home/vagrant/.m2/repository/com/google/guava/failureaccess/1.0.1/failureaccess-1.0.1.jar:/home/vagrant/.m2/repository/com/google/guava/listenablefuture/9999.0-empty-to-avoid-conflict-with-guava/listenablefuture-9999.0-empty-to-avoid-conflict-with-guava.jar:/home/vagrant/.m2/repository/org/checkerframework/checker-qual/2.5.2/checker-qual-2.5.2.jar:/home/vagrant/.m2/repository/com/google/j2objc/j2objc-annotations/1.1/j2objc-annotations-1.1.jar:/home/vagrant/.m2/repository/org/codehaus/mojo/animal-sniffer-annotations/1.18/animal-sniffer-annotations-1.18.jar:/home/vagrant/.m2/repository/com/github/fge/jackson-coreutils/1.8/jackson-coreutils-1.8.jar:/home/vagrant/.m2/repository/org/mozilla/rhino/1.7R4/rhino-1.7R4.jar:/home/vagrant/.m2/repository/org/mockito/mockito-all/1.10.19/mockito-all-1.10.19.jar:"/>
    <property name="java.vm.vendor" value="Oracle Corporation"/>
    <property name="sun.arch.data.model" value="64"/>
    <property name="java.vendor.url" value="http://java.oracle.com/"/>
    <property name="user.timezone" value=""/>
    <property name="java.vm.specification.version" value="11"/>
    <property name="os.name" value="Linux"/>
    <property name="sun.java.launcher" value="SUN_STANDARD"/>
    <property name="user.country" value="US"/>
    <property name="sun.boot.library.path" value="/opt/jdk/jdk-11.0.2/lib"/>
    <property name="sun.java.command" value="/home/vagrant/git/t99-curso-nuvem-f2281749/target/surefire/surefirebooter16410999249891211974.jar /home/vagrant/git/t99-curso-nuvem-f2281749/target/surefire 2022-08-26T16-32-18_843-jvmRun1 surefire12137458211878280329tmp surefire_014920996445940276065tmp"/>
    <property name="jdk.debug" value="release"/>
    <property name="surefire.test.class.path" value="/home/vagrant/git/t99-curso-nuvem-f2281749/target/test-classes:/home/vagrant/git/t99-curso-nuvem-f2281749/target/classes:/home/vagrant/.m2/repository/br/com/bb/dev/dev-dx-quarkus-ext/0.1.4/dev-dx-quarkus-ext-0.1.4.jar:/home/vagrant/.m2/repository/io/quarkus/quarkus-core/1.7.3.Final/quarkus-core-1.7.3.Final.jar:/home/vagrant/.m2/repository/io/quarkus/quarkus-ide-launcher/1.7.3.Final/quarkus-ide-launcher-1.7.3.Final.jar:/home/vagrant/.m2/repository/io/quarkus/quarkus-development-mode-spi/1.7.3.Final/quarkus-development-mode-spi-1.7.3.Final.jar:/home/vagrant/.m2/repository/io/smallrye/config/smallrye-config/1.8.5/smallrye-config-1.8.5.jar:/home/vagrant/.m2/repository/io/smallrye/common/smallrye-common-annotation/1.1.0/smallrye-common-annotation-1.1.0.jar:/home/vagrant/.m2/repository/io/smallrye/common/smallrye-common-expression/1.1.0/smallrye-common-expression-1.1.0.jar:/home/vagrant/.m2/repository/io/smallrye/common/smallrye-common-function/1.1.0/smallrye-common-function-1.1.0.jar:/home/vagrant/.m2/repository/org/jboss/logging/jboss-logging/3.3.2.Final/jboss-logging-3.3.2.Final.jar:/home/vagrant/.m2/repository/org/jboss/logmanager/jboss-logmanager-embedded/1.0.4/jboss-logmanager-embedded-1.0.4.jar:/home/vagrant/.m2/repository/org/jboss/logging/jboss-logging-annotations/2.1.0.Final/jboss-logging-annotations-2.1.0.Final.jar:/home/vagrant/.m2/repository/org/jboss/threads/jboss-threads/3.1.1.Final/jboss-threads-3.1.1.Final.jar:/home/vagrant/.m2/repository/org/slf4j/slf4j-api/1.7.30/slf4j-api-1.7.30.jar:/home/vagrant/.m2/repository/org/jboss/slf4j/slf4j-jboss-logging/1.2.0.Final/slf4j-jboss-logging-1.2.0.Final.jar:/home/vagrant/.m2/repository/org/graalvm/sdk/graal-sdk/20.1.0/graal-sdk-20.1.0.jar:/home/vagrant/.m2/repository/org/wildfly/common/wildfly-common/1.5.4.Final-format-001/wildfly-common-1.5.4.Final-format-001.jar:/home/vagrant/.m2/repository/io/quarkus/quarkus-bootstrap-runner/1.7.3.Final/quarkus-bootstrap-runner-1.7.3.Final.jar:/home/vagrant/.m2/repository/io/github/marcelorubim/quarkus-monitor/0.1.1/quarkus-monitor-0.1.1.jar:/home/vagrant/.m2/repository/io/prometheus/simpleclient/0.5.0/simpleclient-0.5.0.jar:/home/vagrant/.m2/repository/io/prometheus/simpleclient_common/0.5.0/simpleclient_common-0.5.0.jar:/home/vagrant/.m2/repository/br/com/bb/t99/operacao/Op5207120-v1/2.2.0-SNAPSHOT/Op5207120-v1-2.2.0-SNAPSHOT.jar:/home/vagrant/.m2/repository/br/com/bb/rta/operacao/Op2805211-v1/1.3.0/Op2805211-v1-1.3.0.jar:/home/vagrant/.m2/repository/com/oracle/jdbc/ojdbc8/12.2.0.1/ojdbc8-12.2.0.1.jar:/home/vagrant/.m2/repository/io/quarkus/quarkus-agroal/1.7.3.Final/quarkus-agroal-1.7.3.Final.jar:/home/vagrant/.m2/repository/io/quarkus/quarkus-arc/1.7.3.Final/quarkus-arc-1.7.3.Final.jar:/home/vagrant/.m2/repository/io/quarkus/arc/arc/1.7.3.Final/arc-1.7.3.Final.jar:/home/vagrant/.m2/repository/org/eclipse/microprofile/context-propagation/microprofile-context-propagation-api/1.0.1/microprofile-context-propagation-api-1.0.1.jar:/home/vagrant/.m2/repository/io/quarkus/quarkus-datasource/1.7.3.Final/quarkus-datasource-1.7.3.Final.jar:/home/vagrant/.m2/repository/io/quarkus/quarkus-datasource-common/1.7.3.Final/quarkus-datasource-common-1.7.3.Final.jar:/home/vagrant/.m2/repository/org/jboss/narayana/jta/narayana-jta/5.10.5.Final/narayana-jta-5.10.5.Final.jar:/home/vagrant/.m2/repository/org/jboss/jboss-transaction-spi/7.6.0.Final/jboss-transaction-spi-7.6.0.Final.jar:/home/vagrant/.m2/repository/org/jboss/spec/javax/resource/jboss-connector-api_1.7_spec/1.0.0.Final/jboss-connector-api_1.7_spec-1.0.0.Final.jar:/home/vagrant/.m2/repository/org/jboss/narayana/jts/narayana-jts-integration/5.10.5.Final/narayana-jts-integration-5.10.5.Final.jar:/home/vagrant/.m2/repository/jakarta/transaction/jakarta.transaction-api/1.3.3/jakarta.transaction-api-1.3.3.jar:/home/vagrant/.m2/repository/io/agroal/agroal-api/1.8/agroal-api-1.8.jar:/home/vagrant/.m2/repository/io/agroal/agroal-narayana/1.8/agroal-narayana-1.8.jar:/home/vagrant/.m2/repository/io/agroal/agroal-pool/1.8/agroal-pool-1.8.jar:/home/vagrant/.m2/repository/io/quarkus/quarkus-credentials/1.7.3.Final/quarkus-credentials-1.7.3.Final.jar:/home/vagrant/.m2/repository/io/quarkus/quarkus-jdbc-h2/1.7.3.Final/quarkus-jdbc-h2-1.7.3.Final.jar:/home/vagrant/.m2/repository/com/h2database/h2/1.4.197/h2-1.4.197.jar:/home/vagrant/.m2/repository/org/locationtech/jts/jts-core/1.15.0/jts-core-1.15.0.jar:/home/vagrant/.m2/repository/io/quarkus/quarkus-hibernate-orm/1.7.3.Final/quarkus-hibernate-orm-1.7.3.Final.jar:/home/vagrant/.m2/repository/org/hibernate/hibernate-core/5.4.21.Final/hibernate-core-5.4.21.Final.jar:/home/vagrant/.m2/repository/net/bytebuddy/byte-buddy/1.10.10/byte-buddy-1.10.10.jar:/home/vagrant/.m2/repository/antlr/antlr/2.7.7/antlr-2.7.7.jar:/home/vagrant/.m2/repository/org/jboss/jandex/2.2.1.Final/jandex-2.2.1.Final.jar:/home/vagrant/.m2/repository/com/fasterxml/classmate/1.3.4/classmate-1.3.4.jar:/home/vagrant/.m2/repository/org/dom4j/dom4j/2.1.3/dom4j-2.1.3.jar:/home/vagrant/.m2/repository/org/hibernate/common/hibernate-commons-annotations/5.1.0.Final/hibernate-commons-annotations-5.1.0.Final.jar:/home/vagrant/.m2/repository/org/hibernate/hibernate-graalvm/5.4.21.Final/hibernate-graalvm-5.4.21.Final.jar:/home/vagrant/.m2/repository/org/glassfish/jaxb/jaxb-runtime/2.3.3-b02/jaxb-runtime-2.3.3-b02.jar:/home/vagrant/.m2/repository/org/glassfish/jaxb/txw2/2.3.3-b02/txw2-2.3.3-b02.jar:/home/vagrant/.m2/repository/com/sun/istack/istack-commons-runtime/3.0.10/istack-commons-runtime-3.0.10.jar:/home/vagrant/.m2/repository/com/sun/activation/jakarta.activation/1.2.1/jakarta.activation-1.2.1.jar:/home/vagrant/.m2/repository/org/jboss/spec/javax/xml/bind/jboss-jaxb-api_2.3_spec/2.0.0.Final/jboss-jaxb-api_2.3_spec-2.0.0.Final.jar:/home/vagrant/.m2/repository/jakarta/persistence/jakarta.persistence-api/2.2.3/jakarta.persistence-api-2.2.3.jar:/home/vagrant/.m2/repository/org/hibernate/quarkus-local-cache/0.1.0/quarkus-local-cache-0.1.0.jar:/home/vagrant/.m2/repository/com/github/ben-manes/caffeine/caffeine/2.8.5/caffeine-2.8.5.jar:/home/vagrant/.m2/repository/com/google/errorprone/error_prone_annotations/2.2.0/error_prone_annotations-2.2.0.jar:/home/vagrant/.m2/repository/io/quarkus/quarkus-caffeine/1.7.3.Final/quarkus-caffeine-1.7.3.Final.jar:/home/vagrant/.m2/repository/io/quarkus/quarkus-narayana-jta/1.7.3.Final/quarkus-narayana-jta-1.7.3.Final.jar:/home/vagrant/.m2/repository/io/quarkus/quarkus-mutiny/1.7.3.Final/quarkus-mutiny-1.7.3.Final.jar:/home/vagrant/.m2/repository/io/smallrye/reactive/mutiny/0.7.0/mutiny-0.7.0.jar:/home/vagrant/.m2/repository/io/smallrye/reactive/mutiny-context-propagation/0.7.0/mutiny-context-propagation-0.7.0.jar:/home/vagrant/.m2/repository/io/smallrye/smallrye-context-propagation-jta/1.0.13/smallrye-context-propagation-jta-1.0.13.jar:/home/vagrant/.m2/repository/io/smallrye/reactive/smallrye-reactive-converter-api/1.1.0/smallrye-reactive-converter-api-1.1.0.jar:/home/vagrant/.m2/repository/org/reactivestreams/reactive-streams/1.0.3/reactive-streams-1.0.3.jar:/home/vagrant/.m2/repository/io/smallrye/reactive/smallrye-reactive-converter-mutiny/1.1.0/smallrye-reactive-converter-mutiny-1.1.0.jar:/home/vagrant/.m2/repository/io/quarkus/quarkus-resteasy/1.7.3.Final/quarkus-resteasy-1.7.3.Final.jar:/home/vagrant/.m2/repository/io/quarkus/quarkus-vertx-http/1.7.3.Final/quarkus-vertx-http-1.7.3.Final.jar:/home/vagrant/.m2/repository/io/quarkus/quarkus-security-runtime-spi/1.7.3.Final/quarkus-security-runtime-spi-1.7.3.Final.jar:/home/vagrant/.m2/repository/io/quarkus/security/quarkus-security/1.1.2.Final/quarkus-security-1.1.2.Final.jar:/home/vagrant/.m2/repository/io/quarkus/quarkus-vertx-core/1.7.3.Final/quarkus-vertx-core-1.7.3.Final.jar:/home/vagrant/.m2/repository/io/quarkus/quarkus-netty/1.7.3.Final/quarkus-netty-1.7.3.Final.jar:/home/vagrant/.m2/repository/io/netty/netty-codec/4.1.49.Final/netty-codec-4.1.49.Final.jar:/home/vagrant/.m2/repository/io/netty/netty-handler/4.1.49.Final/netty-handler-4.1.49.Final.jar:/home/vagrant/.m2/repository/io/vertx/vertx-core/3.9.2/vertx-core-3.9.2.jar:/home/vagrant/.m2/repository/io/netty/netty-common/4.1.49.Final/netty-common-4.1.49.Final.jar:/home/vagrant/.m2/repository/io/netty/netty-buffer/4.1.49.Final/netty-buffer-4.1.49.Final.jar:/home/vagrant/.m2/repository/io/netty/netty-transport/4.1.49.Final/netty-transport-4.1.49.Final.jar:/home/vagrant/.m2/repository/io/netty/netty-handler-proxy/4.1.49.Final/netty-handler-proxy-4.1.49.Final.jar:/home/vagrant/.m2/repository/io/netty/netty-codec-socks/4.1.49.Final/netty-codec-socks-4.1.49.Final.jar:/home/vagrant/.m2/repository/io/netty/netty-codec-http/4.1.49.Final/netty-codec-http-4.1.49.Final.jar:/home/vagrant/.m2/repository/io/netty/netty-codec-http2/4.1.49.Final/netty-codec-http2-4.1.49.Final.jar:/home/vagrant/.m2/repository/io/netty/netty-resolver/4.1.49.Final/netty-resolver-4.1.49.Final.jar:/home/vagrant/.m2/repository/io/netty/netty-resolver-dns/4.1.49.Final/netty-resolver-dns-4.1.49.Final.jar:/home/vagrant/.m2/repository/io/netty/netty-codec-dns/4.1.49.Final/netty-codec-dns-4.1.49.Final.jar:/home/vagrant/.m2/repository/io/vertx/vertx-web/3.9.2/vertx-web-3.9.2.jar:/home/vagrant/.m2/repository/io/vertx/vertx-web-common/3.9.2/vertx-web-common-3.9.2.jar:/home/vagrant/.m2/repository/io/vertx/vertx-auth-common/3.9.2/vertx-auth-common-3.9.2.jar:/home/vagrant/.m2/repository/io/vertx/vertx-bridge-common/3.9.2/vertx-bridge-common-3.9.2.jar:/home/vagrant/.m2/repository/io/quarkus/quarkus-resteasy-server-common/1.7.3.Final/quarkus-resteasy-server-common-1.7.3.Final.jar:/home/vagrant/.m2/repository/jakarta/validation/jakarta.validation-api/2.0.2/jakarta.validation-api-2.0.2.jar:/home/vagrant/.m2/repository/io/quarkus/quarkus-junit5/1.7.3.Final/quarkus-junit5-1.7.3.Final.jar:/home/vagrant/.m2/repository/io/quarkus/quarkus-bootstrap-core/1.7.3.Final/quarkus-bootstrap-core-1.7.3.Final.jar:/home/vagrant/.m2/repository/io/quarkus/quarkus-bootstrap-app-model/1.7.3.Final/quarkus-bootstrap-app-model-1.7.3.Final.jar:/home/vagrant/.m2/repository/io/quarkus/quarkus-bootstrap-maven-resolver/1.7.3.Final/quarkus-bootstrap-maven-resolver-1.7.3.Final.jar:/home/vagrant/.m2/repository/org/ow2/asm/asm/8.0.1/asm-8.0.1.jar:/home/vagrant/.m2/repository/org/apache/maven/maven-embedder/3.6.3/maven-embedder-3.6.3.jar:/home/vagrant/.m2/repository/org/apache/maven/maven-settings/3.6.3/maven-settings-3.6.3.jar:/home/vagrant/.m2/repository/org/apache/maven/maven-core/3.6.3/maven-core-3.6.3.jar:/home/vagrant/.m2/repository/org/apache/maven/maven-artifact/3.6.3/maven-artifact-3.6.3.jar:/home/vagrant/.m2/repository/org/codehaus/plexus/plexus-component-annotations/2.1.0/plexus-component-annotations-2.1.0.jar:/home/vagrant/.m2/repository/org/apache/maven/maven-plugin-api/3.6.3/maven-plugin-api-3.6.3.jar:/home/vagrant/.m2/repository/org/apache/maven/maven-model/3.6.3/maven-model-3.6.3.jar:/home/vagrant/.m2/repository/org/apache/maven/maven-model-builder/3.6.3/maven-model-builder-3.6.3.jar:/home/vagrant/.m2/repository/org/apache/maven/maven-builder-support/3.6.3/maven-builder-support-3.6.3.jar:/home/vagrant/.m2/repository/org/apache/maven/resolver/maven-resolver-api/1.4.1/maven-resolver-api-1.4.1.jar:/home/vagrant/.m2/repository/org/apache/maven/resolver/maven-resolver-util/1.4.1/maven-resolver-util-1.4.1.jar:/home/vagrant/.m2/repository/org/apache/maven/shared/maven-shared-utils/3.2.1/maven-shared-utils-3.2.1.jar:/home/vagrant/.m2/repository/com/google/inject/guice/4.2.1/guice-4.2.1-no_aop.jar:/home/vagrant/.m2/repository/org/codehaus/plexus/plexus-utils/3.2.1/plexus-utils-3.2.1.jar:/home/vagrant/.m2/repository/org/codehaus/plexus/plexus-classworlds/2.5.2/plexus-classworlds-2.5.2.jar:/home/vagrant/.m2/repository/commons-cli/commons-cli/1.4/commons-cli-1.4.jar:/home/vagrant/.m2/repository/org/eclipse/sisu/org.eclipse.sisu.plexus/0.3.4/org.eclipse.sisu.plexus-0.3.4.jar:/home/vagrant/.m2/repository/org/apache/maven/maven-settings-builder/3.6.3/maven-settings-builder-3.6.3.jar:/home/vagrant/.m2/repository/org/codehaus/plexus/plexus-interpolation/1.25/plexus-interpolation-1.25.jar:/home/vagrant/.m2/repository/org/sonatype/plexus/plexus-sec-dispatcher/1.4/plexus-sec-dispatcher-1.4.jar:/home/vagrant/.m2/repository/org/sonatype/plexus/plexus-cipher/1.4/plexus-cipher-1.4.jar:/home/vagrant/.m2/repository/org/apache/maven/maven-resolver-provider/3.6.3/maven-resolver-provider-3.6.3.jar:/home/vagrant/.m2/repository/org/apache/maven/maven-repository-metadata/3.6.3/maven-repository-metadata-3.6.3.jar:/home/vagrant/.m2/repository/org/apache/maven/resolver/maven-resolver-spi/1.4.1/maven-resolver-spi-1.4.1.jar:/home/vagrant/.m2/repository/org/apache/maven/resolver/maven-resolver-impl/1.4.1/maven-resolver-impl-1.4.1.jar:/home/vagrant/.m2/repository/org/apache/maven/resolver/maven-resolver-connector-basic/1.4.1/maven-resolver-connector-basic-1.4.1.jar:/home/vagrant/.m2/repository/org/apache/maven/resolver/maven-resolver-transport-wagon/1.4.1/maven-resolver-transport-wagon-1.4.1.jar:/home/vagrant/.m2/repository/org/apache/maven/wagon/wagon-http/3.3.4/wagon-http-3.3.4.jar:/home/vagrant/.m2/repository/org/apache/maven/wagon/wagon-http-shared/3.3.4/wagon-http-shared-3.3.4.jar:/home/vagrant/.m2/repository/org/jsoup/jsoup/1.12.1/jsoup-1.12.1.jar:/home/vagrant/.m2/repository/org/apache/maven/wagon/wagon-provider-api/3.3.4/wagon-provider-api-3.3.4.jar:/home/vagrant/.m2/repository/org/apache/maven/wagon/wagon-file/3.3.4/wagon-file-3.3.4.jar:/home/vagrant/.m2/repository/io/quarkus/quarkus-bootstrap-gradle-resolver/1.7.3.Final/quarkus-bootstrap-gradle-resolver-1.7.3.Final.jar:/home/vagrant/.m2/repository/io/smallrye/common/smallrye-common-io/1.1.0/smallrye-common-io-1.1.0.jar:/home/vagrant/.m2/repository/org/eclipse/sisu/org.eclipse.sisu.inject/0.3.4/org.eclipse.sisu.inject-0.3.4.jar:/home/vagrant/.m2/repository/io/quarkus/quarkus-test-common/1.7.3.Final/quarkus-test-common-1.7.3.Final.jar:/home/vagrant/.m2/repository/io/quarkus/quarkus-core-deployment/1.7.3.Final/quarkus-core-deployment-1.7.3.Final.jar:/home/vagrant/.m2/repository/io/quarkus/gizmo/gizmo/1.0.4.Final/gizmo-1.0.4.Final.jar:/home/vagrant/.m2/repository/org/ow2/asm/asm-util/8.0.1/asm-util-8.0.1.jar:/home/vagrant/.m2/repository/org/ow2/asm/asm-tree/8.0.1/asm-tree-8.0.1.jar:/home/vagrant/.m2/repository/org/ow2/asm/asm-analysis/8.0.1/asm-analysis-8.0.1.jar:/home/vagrant/.m2/repository/io/quarkus/quarkus-devtools-utilities/1.7.3.Final/quarkus-devtools-utilities-1.7.3.Final.jar:/home/vagrant/.m2/repository/io/quarkus/quarkus-builder/1.7.3.Final/quarkus-builder-1.7.3.Final.jar:/home/vagrant/.m2/repository/io/quarkus/quarkus-jsonp-deployment/1.7.3.Final/quarkus-jsonp-deployment-1.7.3.Final.jar:/home/vagrant/.m2/repository/org/junit/jupiter/junit-jupiter/5.6.2/junit-jupiter-5.6.2.jar:/home/vagrant/.m2/repository/org/junit/jupiter/junit-jupiter-api/5.6.2/junit-jupiter-api-5.6.2.jar:/home/vagrant/.m2/repository/org/apiguardian/apiguardian-api/1.1.0/apiguardian-api-1.1.0.jar:/home/vagrant/.m2/repository/org/opentest4j/opentest4j/1.2.0/opentest4j-1.2.0.jar:/home/vagrant/.m2/repository/org/junit/platform/junit-platform-commons/1.6.2/junit-platform-commons-1.6.2.jar:/home/vagrant/.m2/repository/org/junit/jupiter/junit-jupiter-params/5.6.2/junit-jupiter-params-5.6.2.jar:/home/vagrant/.m2/repository/org/junit/jupiter/junit-jupiter-engine/5.6.2/junit-jupiter-engine-5.6.2.jar:/home/vagrant/.m2/repository/org/junit/platform/junit-platform-engine/1.6.2/junit-platform-engine-1.6.2.jar:/home/vagrant/.m2/repository/com/thoughtworks/xstream/xstream/1.4.11.1/xstream-1.4.11.1.jar:/home/vagrant/.m2/repository/xmlpull/xmlpull/1.1.3.1/xmlpull-1.1.3.1.jar:/home/vagrant/.m2/repository/xpp3/xpp3_min/1.1.4c/xpp3_min-1.1.4c.jar:/home/vagrant/.m2/repository/io/rest-assured/rest-assured/4.3.0/rest-assured-4.3.0.jar:/home/vagrant/.m2/repository/org/codehaus/groovy/groovy/3.0.2/groovy-3.0.2.jar:/home/vagrant/.m2/repository/org/codehaus/groovy/groovy-xml/3.0.2/groovy-xml-3.0.2.jar:/home/vagrant/.m2/repository/org/apache/httpcomponents/httpclient/4.5.12/httpclient-4.5.12.jar:/home/vagrant/.m2/repository/org/apache/httpcomponents/httpcore/4.4.13/httpcore-4.4.13.jar:/home/vagrant/.m2/repository/commons-codec/commons-codec/1.14/commons-codec-1.14.jar:/home/vagrant/.m2/repository/org/apache/httpcomponents/httpmime/4.5.3/httpmime-4.5.3.jar:/home/vagrant/.m2/repository/org/hamcrest/hamcrest/2.1/hamcrest-2.1.jar:/home/vagrant/.m2/repository/org/ccil/cowan/tagsoup/tagsoup/1.2.1/tagsoup-1.2.1.jar:/home/vagrant/.m2/repository/io/rest-assured/json-path/4.3.0/json-path-4.3.0.jar:/home/vagrant/.m2/repository/org/codehaus/groovy/groovy-json/3.0.2/groovy-json-3.0.2.jar:/home/vagrant/.m2/repository/io/rest-assured/rest-assured-common/4.3.0/rest-assured-common-4.3.0.jar:/home/vagrant/.m2/repository/io/rest-assured/xml-path/4.3.0/xml-path-4.3.0.jar:/home/vagrant/.m2/repository/org/apache/commons/commons-lang3/3.9/commons-lang3-3.9.jar:/home/vagrant/.m2/repository/jakarta/xml/bind/jakarta.xml.bind-api/2.3.2/jakarta.xml.bind-api-2.3.2.jar:/home/vagrant/.m2/repository/org/apache/sling/org.apache.sling.javax.activation/0.1.0/org.apache.sling.javax.activation-0.1.0.jar:/home/vagrant/.m2/repository/io/quarkus/quarkus-smallrye-opentracing/1.7.3.Final/quarkus-smallrye-opentracing-1.7.3.Final.jar:/home/vagrant/.m2/repository/org/eclipse/microprofile/config/microprofile-config-api/1.4/microprofile-config-api-1.4.jar:/home/vagrant/.m2/repository/org/eclipse/microprofile/opentracing/microprofile-opentracing-api/1.3.3/microprofile-opentracing-api-1.3.3.jar:/home/vagrant/.m2/repository/io/smallrye/smallrye-opentracing/1.3.4/smallrye-opentracing-1.3.4.jar:/home/vagrant/.m2/repository/org/eclipse/microprofile/rest/client/microprofile-rest-client-api/1.4.1/microprofile-rest-client-api-1.4.1.jar:/home/vagrant/.m2/repository/io/opentracing/opentracing-api/0.31.0/opentracing-api-0.31.0.jar:/home/vagrant/.m2/repository/io/opentracing/contrib/opentracing-jaxrs2/0.4.1/opentracing-jaxrs2-0.4.1.jar:/home/vagrant/.m2/repository/io/opentracing/opentracing-noop/0.31.0/opentracing-noop-0.31.0.jar:/home/vagrant/.m2/repository/io/opentracing/contrib/opentracing-web-servlet-filter/0.2.3/opentracing-web-servlet-filter-0.2.3.jar:/home/vagrant/.m2/repository/io/opentracing/contrib/opentracing-concurrent/0.2.0/opentracing-concurrent-0.2.0.jar:/home/vagrant/.m2/repository/io/opentracing/contrib/opentracing-interceptors/0.0.4/opentracing-interceptors-0.0.4.jar:/home/vagrant/.m2/repository/io/opentracing/contrib/opentracing-tracerresolver/0.1.8/opentracing-tracerresolver-0.1.8.jar:/home/vagrant/.m2/repository/io/smallrye/smallrye-fault-tolerance-tracing-propagation/4.3.0/smallrye-fault-tolerance-tracing-propagation-4.3.0.jar:/home/vagrant/.m2/repository/jakarta/inject/jakarta.inject-api/1.0/jakarta.inject-api-1.0.jar:/home/vagrant/.m2/repository/io/quarkus/quarkus-jaeger/1.7.3.Final/quarkus-jaeger-1.7.3.Final.jar:/home/vagrant/.m2/repository/io/jaegertracing/jaeger-core/0.34.3/jaeger-core-0.34.3.jar:/home/vagrant/.m2/repository/io/opentracing/opentracing-util/0.31.0/opentracing-util-0.31.0.jar:/home/vagrant/.m2/repository/com/google/code/gson/gson/2.8.6/gson-2.8.6.jar:/home/vagrant/.m2/repository/io/jaegertracing/jaeger-thrift/0.34.3/jaeger-thrift-0.34.3.jar:/home/vagrant/.m2/repository/org/apache/thrift/libthrift/0.13.0/libthrift-0.13.0.jar:/home/vagrant/.m2/repository/com/squareup/okhttp3/okhttp/3.14.9/okhttp-3.14.9.jar:/home/vagrant/.m2/repository/com/squareup/okio/okio/1.17.2/okio-1.17.2.jar:/home/vagrant/.m2/repository/jakarta/activation/jakarta.activation-api/1.2.1/jakarta.activation-api-1.2.1.jar:/home/vagrant/.m2/repository/io/quarkus/quarkus-jsonp/1.7.3.Final/quarkus-jsonp-1.7.3.Final.jar:/home/vagrant/.m2/repository/org/glassfish/jakarta.json/1.1.6/jakarta.json-1.1.6.jar:/home/vagrant/.m2/repository/jakarta/servlet/jakarta.servlet-api/4.0.3/jakarta.servlet-api-4.0.3.jar:/home/vagrant/.m2/repository/io/quarkus/quarkus-rest-client/1.7.3.Final/quarkus-rest-client-1.7.3.Final.jar:/home/vagrant/.m2/repository/io/quarkus/quarkus-resteasy-common/1.7.3.Final/quarkus-resteasy-common-1.7.3.Final.jar:/home/vagrant/.m2/repository/org/jboss/resteasy/resteasy-core/4.5.6.Final/resteasy-core-4.5.6.Final.jar:/home/vagrant/.m2/repository/org/jboss/spec/javax/ws/rs/jboss-jaxrs-api_2.1_spec/2.0.1.Final/jboss-jaxrs-api_2.1_spec-2.0.1.Final.jar:/home/vagrant/.m2/repository/org/jboss/resteasy/resteasy-core-spi/4.5.6.Final/resteasy-core-spi-4.5.6.Final.jar:/home/vagrant/.m2/repository/com/ibm/async/asyncutil/0.1.0/asyncutil-0.1.0.jar:/home/vagrant/.m2/repository/org/jboss/resteasy/resteasy-client-microprofile/4.5.6.Final/resteasy-client-microprofile-4.5.6.Final.jar:/home/vagrant/.m2/repository/org/jboss/resteasy/resteasy-client/4.5.6.Final/resteasy-client-4.5.6.Final.jar:/home/vagrant/.m2/repository/org/jboss/resteasy/resteasy-client-api/4.5.6.Final/resteasy-client-api-4.5.6.Final.jar:/home/vagrant/.m2/repository/jakarta/interceptor/jakarta.interceptor-api/1.2.5/jakarta.interceptor-api-1.2.5.jar:/home/vagrant/.m2/repository/org/apache/httpcomponents/httpasyncclient/4.1.4/httpasyncclient-4.1.4.jar:/home/vagrant/.m2/repository/org/apache/httpcomponents/httpcore-nio/4.4.13/httpcore-nio-4.4.13.jar:/home/vagrant/.m2/repository/org/jboss/logging/commons-logging-jboss-logging/1.0.0.Final/commons-logging-jboss-logging-1.0.0.Final.jar:/home/vagrant/.m2/repository/io/quarkus/quarkus-resteasy-jsonb/1.7.3.Final/quarkus-resteasy-jsonb-1.7.3.Final.jar:/home/vagrant/.m2/repository/io/quarkus/quarkus-jsonb/1.7.3.Final/quarkus-jsonb-1.7.3.Final.jar:/home/vagrant/.m2/repository/org/eclipse/yasson/1.0.8/yasson-1.0.8.jar:/home/vagrant/.m2/repository/org/jboss/resteasy/resteasy-json-binding-provider/4.5.6.Final/resteasy-json-binding-provider-4.5.6.Final.jar:/home/vagrant/.m2/repository/jakarta/json/bind/jakarta.json.bind-api/1.0.2/jakarta.json.bind-api-1.0.2.jar:/home/vagrant/.m2/repository/org/jboss/resteasy/resteasy-json-p-provider/4.5.6.Final/resteasy-json-p-provider-4.5.6.Final.jar:/home/vagrant/.m2/repository/commons-io/commons-io/2.7/commons-io-2.7.jar:/home/vagrant/.m2/repository/io/quarkus/quarkus-smallrye-openapi/1.7.3.Final/quarkus-smallrye-openapi-1.7.3.Final.jar:/home/vagrant/.m2/repository/io/smallrye/smallrye-open-api-core/2.0.7/smallrye-open-api-core-2.0.7.jar:/home/vagrant/.m2/repository/org/eclipse/microprofile/openapi/microprofile-openapi-api/1.1.2/microprofile-openapi-api-1.1.2.jar:/home/vagrant/.m2/repository/com/fasterxml/jackson/core/jackson-core/2.11.2/jackson-core-2.11.2.jar:/home/vagrant/.m2/repository/com/fasterxml/jackson/core/jackson-databind/2.11.2/jackson-databind-2.11.2.jar:/home/vagrant/.m2/repository/com/fasterxml/jackson/core/jackson-annotations/2.11.2/jackson-annotations-2.11.2.jar:/home/vagrant/.m2/repository/com/fasterxml/jackson/dataformat/jackson-dataformat-yaml/2.11.2/jackson-dataformat-yaml-2.11.2.jar:/home/vagrant/.m2/repository/io/quarkus/quarkus-swagger-ui/1.7.3.Final/quarkus-swagger-ui-1.7.3.Final.jar:/home/vagrant/.m2/repository/io/quarkus/quarkus-config-yaml/1.7.3.Final/quarkus-config-yaml-1.7.3.Final.jar:/home/vagrant/.m2/repository/io/smallrye/config/smallrye-config-source-yaml/1.8.5/smallrye-config-source-yaml-1.8.5.jar:/home/vagrant/.m2/repository/org/yaml/snakeyaml/1.26/snakeyaml-1.26.jar:/home/vagrant/.m2/repository/io/smallrye/config/smallrye-config-common/1.8.5/smallrye-config-common-1.8.5.jar:/home/vagrant/.m2/repository/io/smallrye/common/smallrye-common-constraint/1.1.0/smallrye-common-constraint-1.1.0.jar:/home/vagrant/.m2/repository/io/quarkus/quarkus-smallrye-fault-tolerance/1.7.3.Final/quarkus-smallrye-fault-tolerance-1.7.3.Final.jar:/home/vagrant/.m2/repository/io/smallrye/smallrye-fault-tolerance/4.3.0/smallrye-fault-tolerance-4.3.0.jar:/home/vagrant/.m2/repository/org/eclipse/microprofile/fault-tolerance/microprofile-fault-tolerance-api/2.1.1/microprofile-fault-tolerance-api-2.1.1.jar:/home/vagrant/.m2/repository/io/smallrye/smallrye-fault-tolerance-api/4.3.0/smallrye-fault-tolerance-api-4.3.0.jar:/home/vagrant/.m2/repository/io/smallrye/smallrye-fault-tolerance-core/4.3.0/smallrye-fault-tolerance-core-4.3.0.jar:/home/vagrant/.m2/repository/jakarta/enterprise/concurrent/jakarta.enterprise.concurrent-api/1.1.2/jakarta.enterprise.concurrent-api-1.1.2.jar:/home/vagrant/.m2/repository/jakarta/enterprise/jakarta.enterprise.cdi-api/2.0.2/jakarta.enterprise.cdi-api-2.0.2.jar:/home/vagrant/.m2/repository/jakarta/el/jakarta.el-api/3.0.3/jakarta.el-api-3.0.3.jar:/home/vagrant/.m2/repository/jakarta/annotation/jakarta.annotation-api/1.3.5/jakarta.annotation-api-1.3.5.jar:/home/vagrant/.m2/repository/io/quarkus/quarkus-smallrye-context-propagation/1.7.3.Final/quarkus-smallrye-context-propagation-1.7.3.Final.jar:/home/vagrant/.m2/repository/io/smallrye/smallrye-context-propagation/1.0.13/smallrye-context-propagation-1.0.13.jar:/home/vagrant/.m2/repository/io/smallrye/smallrye-context-propagation-api/1.0.13/smallrye-context-propagation-api-1.0.13.jar:/home/vagrant/.m2/repository/io/smallrye/smallrye-fault-tolerance-context-propagation/4.3.0/smallrye-fault-tolerance-context-propagation-4.3.0.jar:/home/vagrant/.m2/repository/io/quarkus/quarkus-smallrye-health/1.7.3.Final/quarkus-smallrye-health-1.7.3.Final.jar:/home/vagrant/.m2/repository/io/smallrye/smallrye-health/2.2.3/smallrye-health-2.2.3.jar:/home/vagrant/.m2/repository/org/eclipse/microprofile/health/microprofile-health-api/2.2/microprofile-health-api-2.2.jar:/home/vagrant/.m2/repository/io/smallrye/smallrye-health-api/2.2.3/smallrye-health-api-2.2.3.jar:/home/vagrant/.m2/repository/io/smallrye/smallrye-health-ui/2.2.3/smallrye-health-ui-2.2.3.jar:/home/vagrant/.m2/repository/io/smallrye/smallrye-health-provided-checks/2.2.3/smallrye-health-provided-checks-2.2.3.jar:/home/vagrant/.m2/repository/io/quarkus/quarkus-smallrye-metrics/1.7.3.Final/quarkus-smallrye-metrics-1.7.3.Final.jar:/home/vagrant/.m2/repository/io/smallrye/smallrye-metrics/2.4.3/smallrye-metrics-2.4.3.jar:/home/vagrant/.m2/repository/org/eclipse/microprofile/metrics/microprofile-metrics-api/2.3/microprofile-metrics-api-2.3.jar:/home/vagrant/.m2/repository/io/rest-assured/json-schema-validator/4.2.0/json-schema-validator-4.2.0.jar:/home/vagrant/.m2/repository/com/github/java-json-tools/json-schema-validator/2.2.10/json-schema-validator-2.2.10.jar:/home/vagrant/.m2/repository/com/github/java-json-tools/json-schema-core/1.2.10/json-schema-core-1.2.10.jar:/home/vagrant/.m2/repository/com/github/java-json-tools/jackson-coreutils/1.9/jackson-coreutils-1.9.jar:/home/vagrant/.m2/repository/com/github/fge/json-schema-validator/2.2.6/json-schema-validator-2.2.6.jar:/home/vagrant/.m2/repository/com/google/code/findbugs/jsr305/3.0.0/jsr305-3.0.0.jar:/home/vagrant/.m2/repository/joda-time/joda-time/2.3/joda-time-2.3.jar:/home/vagrant/.m2/repository/com/googlecode/libphonenumber/libphonenumber/6.2/libphonenumber-6.2.jar:/home/vagrant/.m2/repository/javax/mail/mailapi/1.4.3/mailapi-1.4.3.jar:/home/vagrant/.m2/repository/javax/activation/activation/1.1/activation-1.1.jar:/home/vagrant/.m2/repository/net/sf/jopt-simple/jopt-simple/4.6/jopt-simple-4.6.jar:/home/vagrant/.m2/repository/com/github/fge/json-schema-core/1.2.5/json-schema-core-1.2.5.jar:/home/vagrant/.m2/repository/com/github/fge/uri-template/0.9/uri-template-0.9.jar:/home/vagrant/.m2/repository/com/github/fge/msg-simple/1.1/msg-simple-1.1.jar:/home/vagrant/.m2/repository/com/github/fge/btf/1.2/btf-1.2.jar:/home/vagrant/.m2/repository/com/google/guava/guava/27.0.1-jre/guava-27.0.1-jre.jar:/home/vagrant/.m2/repository/com/google/guava/failureaccess/1.0.1/failureaccess-1.0.1.jar:/home/vagrant/.m2/repository/com/google/guava/listenablefuture/9999.0-empty-to-avoid-conflict-with-guava/listenablefuture-9999.0-empty-to-avoid-conflict-with-guava.jar:/home/vagrant/.m2/repository/org/checkerframework/checker-qual/2.5.2/checker-qual-2.5.2.jar:/home/vagrant/.m2/repository/com/google/j2objc/j2objc-annotations/1.1/j2objc-annotations-1.1.jar:/home/vagrant/.m2/repository/org/codehaus/mojo/animal-sniffer-annotations/1.18/animal-sniffer-annotations-1.18.jar:/home/vagrant/.m2/repository/com/github/fge/jackson-coreutils/1.8/jackson-coreutils-1.8.jar:/home/vagrant/.m2/repository/org/mozilla/rhino/1.7R4/rhino-1.7R4.jar:/home/vagrant/.m2/repository/org/mockito/mockito-all/1.10.19/mockito-all-1.10.19.jar:"/>
    <property name="sun.cpu.endian" value="little"/>
    <property name="user.home" value="/home/vagrant"/>
    <property name="user.language" value="en"/>
    <property name="java.specification.vendor" value="Oracle Corporation"/>
    <property name="java.version.date" value="2019-01-15"/>
    <property name="java.home" value="/opt/jdk/jdk-11.0.2"/>
    <property name="file.separator" value="/"/>
    <property name="basedir" value="/home/vagrant/git/t99-curso-nuvem-f2281749"/>
    <property name="java.vm.compressedOopsMode" value="32-bit"/>
    <property name="line.separator" value="&#10;"/>
    <property name="java.specification.name" value="Java Platform API Specification"/>
    <property name="java.vm.specification.vendor" value="Oracle Corporation"/>
    <property name="java.awt.graphicsenv" value="sun.awt.X11GraphicsEnvironment"/>
    <property name="surefire.real.class.path" value="/home/vagrant/git/t99-curso-nuvem-f2281749/target/surefire/surefirebooter16410999249891211974.jar"/>
    <property name="sun.management.compiler" value="HotSpot 64-Bit Tiered Compilers"/>
    <property name="java.runtime.version" value="11.0.2+9"/>
    <property name="user.name" value="vagrant"/>
    <property name="path.separator" value=":"/>
    <property name="os.version" value="4.15.0-58-generic"/>
    <property name="java.runtime.name" value="OpenJDK Runtime Environment"/>
    <property name="file.encoding" value="UTF-8"/>
    <property name="java.vm.name" value="OpenJDK 64-Bit Server VM"/>
    <property name="java.vendor.version" value="18.9"/>
    <property name="localRepository" value="/home/vagrant/.m2/repository"/>
    <property name="java.vendor.url.bug" value="http://bugreport.java.com/bugreport/"/>
    <property name="java.io.tmpdir" value="/tmp"/>
    <property name="java.version" value="11.0.2"/>
    <property name="user.dir" value="/home/vagrant/git/t99-curso-nuvem-f2281749"/>
    <property name="os.arch" value="amd64"/>
    <property name="java.vm.specification.name" value="Java Virtual Machine Specification"/>
    <property name="java.awt.printerjob" value="sun.print.PSPrinterJob"/>
    <property name="sun.os.patch.level" value="unknown"/>
    <property name="java.util.logging.manager" value="org.jboss.logmanager.LogManager"/>
    <property name="java.library.path" value="/opt/tibco/tibrv/8.4/lib:/usr/java/packages/lib:/usr/lib64:/lib64:/lib:/usr/lib"/>
    <property name="java.vendor" value="Oracle Corporation"/>
    <property name="java.vm.info" value="mixed mode"/>
    <property name="java.vm.version" value="11.0.2+9"/>
    <property name="sun.io.unicode.encoding" value="UnicodeLittle"/>
    <property name="java.class.version" value="55.0"/>
  </properties>
  <testcase name="insereIdadeMenor18Anos" classname="br.com.bb.t99.ExampleMockitoTest" time="0.295"/>
  <testcase name="insereIdadeMaior18Anos" classname="br.com.bb.t99.ExampleMockitoTest" time="0.038"/>
</testsuite>